<?xml version="1.0" encoding="UTF-8"?>
<!-- Generated by org.testng.reporters.JUnitXMLReporter -->
<testsuite ignored="1" hostname="DESKTOP-HOF3APB" failures="0" tests="4" name="Test" time="69.013" errors="0" timestamp="2024-12-15T11:29:06 CST">
  <testcase classname="test.LoginTest" name="testRegression" time="0.008"/>
  <testcase classname="test.LoginTest" name="validUserShouldBeAbleToLogin" time="11.75"/>
  <testcase classname="test.LoginTest" name="validateAlertMessages" time="2.781"/>
  <testcase classname="test.AddCustomerTest" name="validUserShouldBeAbleToAddCustomer" time="54.398"/>
  <testcase classname="test.LoginTest" name="testSmoke" time="0.0">
    <ignored/>
  </testcase> <!-- testSmoke -->
</testsuite> <!-- Test -->
